  imgui.cpp
  imgui_draw.cpp
  imgui_impl_dx9.cpp
  main.cpp
  C:\Program Files (x86)\Windows Kits\10\Include\10.0.19041.0\um\dinput.h: DIRECTINPUT_VERSION undefined. Defaulting to version 0x0800
  WebRequest.cpp
  Создание кода...
cryptlib.lib(cryptlib.obj) : warning LNK4099: "cryptlib.pdb" PDB не найден с "cryptlib.lib(cryptlib.obj)" или на "E:\sasat\SteepCheat\ownerwin\Steepcheat_xenforo\x64\Release\cryptlib.pdb"; компоновка объекта выполняется как при отсутствии отладочных данных
cryptlib.lib(cpu.obj) : warning LNK4099: "cryptlib.pdb" PDB не найден с "cryptlib.lib(cpu.obj)" или на "E:\sasat\SteepCheat\ownerwin\Steepcheat_xenforo\x64\Release\cryptlib.pdb"; компоновка объекта выполняется как при отсутствии отладочных данных
cryptlib.lib(integer.obj) : warning LNK4099: "cryptlib.pdb" PDB не найден с "cryptlib.lib(integer.obj)" или на "E:\sasat\SteepCheat\ownerwin\Steepcheat_xenforo\x64\Release\cryptlib.pdb"; компоновка объекта выполняется как при отсутствии отладочных данных
cryptlib.lib(algparam.obj) : warning LNK4099: "cryptlib.pdb" PDB не найден с "cryptlib.lib(algparam.obj)" или на "E:\sasat\SteepCheat\ownerwin\Steepcheat_xenforo\x64\Release\cryptlib.pdb"; компоновка объекта выполняется как при отсутствии отладочных данных
cryptlib.lib(allocate.obj) : warning LNK4099: "cryptlib.pdb" PDB не найден с "cryptlib.lib(allocate.obj)" или на "E:\sasat\SteepCheat\ownerwin\Steepcheat_xenforo\x64\Release\cryptlib.pdb"; компоновка объекта выполняется как при отсутствии отладочных данных
cryptlib.lib(asn.obj) : warning LNK4099: "" PDB не найден с "cryptlib.lib(asn.obj)" или на ""; компоновка объекта выполняется как при отсутствии отладочных данных
cryptlib.lib(base64.obj) : warning LNK4099: "cryptlib.pdb" PDB не найден с "cryptlib.lib(base64.obj)" или на "E:\sasat\SteepCheat\ownerwin\Steepcheat_xenforo\x64\Release\cryptlib.pdb"; компоновка объекта выполняется как при отсутствии отладочных данных
cryptlib.lib(basecode.obj) : warning LNK4099: "cryptlib.pdb" PDB не найден с "cryptlib.lib(basecode.obj)" или на "E:\sasat\SteepCheat\ownerwin\Steepcheat_xenforo\x64\Release\cryptlib.pdb"; компоновка объекта выполняется как при отсутствии отладочных данных
cryptlib.lib(dll.obj) : warning LNK4099: "" PDB не найден с "cryptlib.lib(dll.obj)" или на ""; компоновка объекта выполняется как при отсутствии отладочных данных
cryptlib.lib(ec2n.obj) : warning LNK4099: "" PDB не найден с "cryptlib.lib(ec2n.obj)" или на ""; компоновка объекта выполняется как при отсутствии отладочных данных
cryptlib.lib(ecp.obj) : warning LNK4099: "cryptlib.pdb" PDB не найден с "cryptlib.lib(ecp.obj)" или на "E:\sasat\SteepCheat\ownerwin\Steepcheat_xenforo\x64\Release\cryptlib.pdb"; компоновка объекта выполняется как при отсутствии отладочных данных
cryptlib.lib(filters.obj) : warning LNK4099: "cryptlib.pdb" PDB не найден с "cryptlib.lib(filters.obj)" или на "E:\sasat\SteepCheat\ownerwin\Steepcheat_xenforo\x64\Release\cryptlib.pdb"; компоновка объекта выполняется как при отсутствии отладочных данных
cryptlib.lib(fips140.obj) : warning LNK4099: "cryptlib.pdb" PDB не найден с "cryptlib.lib(fips140.obj)" или на "E:\sasat\SteepCheat\ownerwin\Steepcheat_xenforo\x64\Release\cryptlib.pdb"; компоновка объекта выполняется как при отсутствии отладочных данных
cryptlib.lib(gf2n.obj) : warning LNK4099: "cryptlib.pdb" PDB не найден с "cryptlib.lib(gf2n.obj)" или на "E:\sasat\SteepCheat\ownerwin\Steepcheat_xenforo\x64\Release\cryptlib.pdb"; компоновка объекта выполняется как при отсутствии отладочных данных
cryptlib.lib(gf2n_simd.obj) : warning LNK4099: "cryptlib.pdb" PDB не найден с "cryptlib.lib(gf2n_simd.obj)" или на "E:\sasat\SteepCheat\ownerwin\Steepcheat_xenforo\x64\Release\cryptlib.pdb"; компоновка объекта выполняется как при отсутствии отладочных данных
cryptlib.lib(gfpcrypt.obj) : warning LNK4099: "cryptlib.pdb" PDB не найден с "cryptlib.lib(gfpcrypt.obj)" или на "E:\sasat\SteepCheat\ownerwin\Steepcheat_xenforo\x64\Release\cryptlib.pdb"; компоновка объекта выполняется как при отсутствии отладочных данных
cryptlib.lib(hex.obj) : warning LNK4099: "cryptlib.pdb" PDB не найден с "cryptlib.lib(hex.obj)" или на "E:\sasat\SteepCheat\ownerwin\Steepcheat_xenforo\x64\Release\cryptlib.pdb"; компоновка объекта выполняется как при отсутствии отладочных данных
cryptlib.lib(hmac.obj) : warning LNK4099: "cryptlib.pdb" PDB не найден с "cryptlib.lib(hmac.obj)" или на "E:\sasat\SteepCheat\ownerwin\Steepcheat_xenforo\x64\Release\cryptlib.pdb"; компоновка объекта выполняется как при отсутствии отладочных данных
cryptlib.lib(hrtimer.obj) : warning LNK4099: "cryptlib.pdb" PDB не найден с "cryptlib.lib(hrtimer.obj)" или на "E:\sasat\SteepCheat\ownerwin\Steepcheat_xenforo\x64\Release\cryptlib.pdb"; компоновка объекта выполняется как при отсутствии отладочных данных
cryptlib.lib(iterhash.obj) : warning LNK4099: "cryptlib.pdb" PDB не найден с "cryptlib.lib(iterhash.obj)" или на "E:\sasat\SteepCheat\ownerwin\Steepcheat_xenforo\x64\Release\cryptlib.pdb"; компоновка объекта выполняется как при отсутствии отладочных данных
cryptlib.lib(misc.obj) : warning LNK4099: "cryptlib.pdb" PDB не найден с "cryptlib.lib(misc.obj)" или на "E:\sasat\SteepCheat\ownerwin\Steepcheat_xenforo\x64\Release\cryptlib.pdb"; компоновка объекта выполняется как при отсутствии отладочных данных
cryptlib.lib(modes.obj) : warning LNK4099: "cryptlib.pdb" PDB не найден с "cryptlib.lib(modes.obj)" или на "E:\sasat\SteepCheat\ownerwin\Steepcheat_xenforo\x64\Release\cryptlib.pdb"; компоновка объекта выполняется как при отсутствии отладочных данных
cryptlib.lib(mqueue.obj) : warning LNK4099: "cryptlib.pdb" PDB не найден с "cryptlib.lib(mqueue.obj)" или на "E:\sasat\SteepCheat\ownerwin\Steepcheat_xenforo\x64\Release\cryptlib.pdb"; компоновка объекта выполняется как при отсутствии отладочных данных
cryptlib.lib(nbtheory.obj) : warning LNK4099: "cryptlib.pdb" PDB не найден с "cryptlib.lib(nbtheory.obj)" или на "E:\sasat\SteepCheat\ownerwin\Steepcheat_xenforo\x64\Release\cryptlib.pdb"; компоновка объекта выполняется как при отсутствии отладочных данных
cryptlib.lib(osrng.obj) : warning LNK4099: "cryptlib.pdb" PDB не найден с "cryptlib.lib(osrng.obj)" или на "E:\sasat\SteepCheat\ownerwin\Steepcheat_xenforo\x64\Release\cryptlib.pdb"; компоновка объекта выполняется как при отсутствии отладочных данных
cryptlib.lib(pch.obj) : warning LNK4099: "cryptlib.pdb" PDB не найден с "cryptlib.lib(pch.obj)" или на "E:\sasat\SteepCheat\ownerwin\Steepcheat_xenforo\x64\Release\cryptlib.pdb"; компоновка объекта выполняется как при отсутствии отладочных данных
cryptlib.lib(pubkey.obj) : warning LNK4099: "" PDB не найден с "cryptlib.lib(pubkey.obj)" или на ""; компоновка объекта выполняется как при отсутствии отладочных данных
cryptlib.lib(queue.obj) : warning LNK4099: "cryptlib.pdb" PDB не найден с "cryptlib.lib(queue.obj)" или на "E:\sasat\SteepCheat\ownerwin\Steepcheat_xenforo\x64\Release\cryptlib.pdb"; компоновка объекта выполняется как при отсутствии отладочных данных
cryptlib.lib(randpool.obj) : warning LNK4099: "" PDB не найден с "cryptlib.lib(randpool.obj)" или на ""; компоновка объекта выполняется как при отсутствии отладочных данных
cryptlib.lib(rdtables.obj) : warning LNK4099: "cryptlib.pdb" PDB не найден с "cryptlib.lib(rdtables.obj)" или на "E:\sasat\SteepCheat\ownerwin\Steepcheat_xenforo\x64\Release\cryptlib.pdb"; компоновка объекта выполняется как при отсутствии отладочных данных
cryptlib.lib(rijndael.obj) : warning LNK4099: "cryptlib.pdb" PDB не найден с "cryptlib.lib(rijndael.obj)" или на "E:\sasat\SteepCheat\ownerwin\Steepcheat_xenforo\x64\Release\cryptlib.pdb"; компоновка объекта выполняется как при отсутствии отладочных данных
cryptlib.lib(rijndael_simd.obj) : warning LNK4099: "" PDB не найден с "cryptlib.lib(rijndael_simd.obj)" или на ""; компоновка объекта выполняется как при отсутствии отладочных данных
cryptlib.lib(rng.obj) : warning LNK4099: "" PDB не найден с "cryptlib.lib(rng.obj)" или на ""; компоновка объекта выполняется как при отсутствии отладочных данных
cryptlib.lib(sha.obj) : warning LNK4099: "cryptlib.pdb" PDB не найден с "cryptlib.lib(sha.obj)" или на "E:\sasat\SteepCheat\ownerwin\Steepcheat_xenforo\x64\Release\cryptlib.pdb"; компоновка объекта выполняется как при отсутствии отладочных данных
cryptlib.lib(sha_simd.obj) : warning LNK4099: "" PDB не найден с "cryptlib.lib(sha_simd.obj)" или на ""; компоновка объекта выполняется как при отсутствии отладочных данных
cryptlib.lib(sse_simd.obj) : warning LNK4099: "cryptlib.pdb" PDB не найден с "cryptlib.lib(sse_simd.obj)" или на "E:\sasat\SteepCheat\ownerwin\Steepcheat_xenforo\x64\Release\cryptlib.pdb"; компоновка объекта выполняется как при отсутствии отладочных данных
  Steepcheat_xenforo.vcxproj -> E:\sasat\SteepCheat\ownerwin\Steepcheat_xenforo\x64\Release\Steepcheat_xenforo.exe
